<?xml version="1.0" encoding="UTF-8"?>
<!-- Generated by org.testng.reporters.JUnitReportReporter -->
<testsuite hostname="jeffrey-HP" name="testSel.SelTest" tests="1" failures="0" timestamp="12 Jun 2015 22:03:40 GMT" time="32.806" errors="0">
  <testcase name="runTest" time="32.806" classname="testSel.SelTest"/>
</testsuite> <!-- testSel.SelTest -->
